(THU.CST) os is loading ...

Special kernel symbols:
  entry  0xc0100036 (phys)
  etext  0xc0109683 (phys)
  edata  0xc0124000 (phys)
  end    0xc0125130 (phys)
Kernel executable memory footprint: 149KB
ebp:c0120f38 eip:c01009ec args:00010094 00000000 c0120f68 c01000d7
    kern/debug/kdebug.c:309: print_stackframe+22
ebp:c0120f48 eip:c0100cda args:00000000 00000000 00000000 c0120fb8
    kern/debug/kmonitor.c:129: mon_backtrace+10
ebp:c0120f68 eip:c01000d7 args:00000000 c0120f90 ffff0000 c0120f94
    kern/init/init.c:57: grade_backtrace2+33
ebp:c0120f88 eip:c0100100 args:00000000 ffff0000 c0120fb4 0000002a
    kern/init/init.c:62: grade_backtrace1+38
ebp:c0120fa8 eip:c010011e args:00000000 c0100036 ffff0000 0000001d
    kern/init/init.c:67: grade_backtrace0+23
ebp:c0120fc8 eip:c0100143 args:c01096bc c01096a0 00001130 00000000
    kern/init/init.c:72: grade_backtrace+34
ebp:c0120ff8 eip:c010008b args:c0109858 c0109860 c0100c60 c010987f
    kern/init/init.c:32: kern_init+84
memory management: default_pmm_manager
e820map:
  memory: 0009fc00, [00000000, 0009fbff], type = 1.
  memory: 00000400, [0009fc00, 0009ffff], type = 2.
  memory: 00010000, [000f0000, 000fffff], type = 2.
  memory: 07efe000, [00100000, 07ffdfff], type = 1.
  memory: 00002000, [07ffe000, 07ffffff], type = 2.
  memory: 00040000, [fffc0000, ffffffff], type = 2.
check_alloc_page() succeeded!
check_pgdir() succeeded!
check_boot_pgdir() succeeded!
-------------------- BEGIN --------------------
PDE(0e0) c0000000-f8000000 38000000 urw
  |-- PTE(38000) c0000000-f8000000 38000000 -rw
PDE(001) fac00000-fb000000 00400000 -rw
  |-- PTE(000e0) faf00000-fafe0000 000e0000 urw
  |-- PTE(00001) fafeb000-fafec000 00001000 -rw
--------------------- END ---------------------
check_vma_struct() succeeded!
page fault at 0x00000100: K/W [no page found].
check_pgfault() succeeded!
check_vmm() succeeded.
ide 0:      10000(sectors), 'QEMU HARDDISK'.
ide 1:     262144(sectors), 'QEMU HARDDISK'.
SWAP: manager = fifo swap manager
BEGIN check_swap: count 1, total 31993
setup Page Table for vaddr 0X1000, so alloc a page
setup Page Table vaddr 0~4MB OVER!
set up init env for check_swap begin!
page fault at 0x00001000: K/W [no page found].
page fault at 0x00002000: K/W [no page found].
page fault at 0x00003000: K/W [no page found].
page fault at 0x00004000: K/W [no page found].
set up init env for check_swap over!
write Virt Page c in fifo_check_swap
write Virt Page a in fifo_check_swap
write Virt Page d in fifo_check_swap
write Virt Page b in fifo_check_swap
write Virt Page e in fifo_check_swap
page fault at 0x00005000: K/W [no page found].
swap_out: i 0, store page in vaddr 0x1000 to disk swap entry 2
write Virt Page b in fifo_check_swap
write Virt Page a in fifo_check_swap
page fault at 0x00001000: K/W [no page found].
swap_out: i 0, store page in vaddr 0x2000 to disk swap entry 3
swap_in: load disk swap entry 2 with swap_page in vadr 0x1000
write Virt Page b in fifo_check_swap
page fault at 0x00002000: K/W [no page found].
swap_out: i 0, store page in vaddr 0x3000 to disk swap entry 4
swap_in: load disk swap entry 3 with swap_page in vadr 0x2000
write Virt Page c in fifo_check_swap
page fault at 0x00003000: K/W [no page found].
swap_out: i 0, store page in vaddr 0x4000 to disk swap entry 5
swap_in: load disk swap entry 4 with swap_page in vadr 0x3000
write Virt Page d in fifo_check_swap
page fault at 0x00004000: K/W [no page found].
swap_out: i 0, store page in vaddr 0x5000 to disk swap entry 6
swap_in: load disk swap entry 5 with swap_page in vadr 0x4000
write Virt Page e in fifo_check_swap
page fault at 0x00005000: K/W [no page found].
swap_out: i 0, store page in vaddr 0x1000 to disk swap entry 2
swap_in: load disk swap entry 6 with swap_page in vadr 0x5000
write Virt Page a in fifo_check_swap
page fault at 0x00001000: K/R [no page found].
swap_out: i 0, store page in vaddr 0x2000 to disk swap entry 3
swap_in: load disk swap entry 2 with swap_page in vadr 0x1000
count is 0, total is 7
check_swap() succeeded!
++ setup timer interrupts
100 ticks
End of Test.
kernel panic at kern/trap/trap.c:20:
    EOT: kernel seems ok.
stack trackback:
ebp:c0120ee0 eip:c01009ec args:c010998c c0120f24 00000014 c0120f5c
    kern/debug/kdebug.c:309: print_stackframe+22
ebp:c0120f10 eip:c0100d4b args:c0109b2e 00000014 c0109b18 00000000
    kern/debug/panic.c:27: __panic+105
ebp:c0120f30 eip:c0102153 args:c0120f68 c0100352 c0100304 c0120f5c
    kern/trap/trap.c:20: print_ticks+65
ebp:c0120f60 eip:c010282b args:c0120f8c c0100375 c01099bc c0120fa4
    kern/trap/trap.c:201: trap_dispatch+204
ebp:c0120f80 eip:c01028e9 args:c0120f8c 00000001 00000000 c0120ff8
    kern/trap/trap.c:238: trap+16
ebp:c0120ff8 eip:c0102901 args:c0109858 c0109860 c0100c60 c010987f
    kern/trap/trapentry.S:24: <unknown>+0
Welcome to the kernel debug monitor!!
Type 'help' for a list of commands.
K> 